<?xml version="1.0" encoding="UTF-8"?>
<testsuite name="io.confluent.developer.FileWritingRecordsHandlerTest" tests="1" skipped="0" failures="0" errors="0" timestamp="2021-07-24T19:53:34" hostname="DESKTOP-KAQ4FV3" time="0.015">
  <properties/>
  <testcase name="testProcess" classname="io.confluent.developer.FileWritingRecordsHandlerTest" time="0.015"/>
  <system-out><![CDATA[]]></system-out>
  <system-err><![CDATA[]]></system-err>
</testsuite>
